2025-03-04 16:18:20,884 - ERROR - Error in quiz automation: Message: 
Stacktrace:
	GetHandleVerifier [0x00007FF77B78C6A5+28789]
	(No symbol) [0x00007FF77B6F5B20]
	(No symbol) [0x00007FF77B588F9A]
	(No symbol) [0x00007FF77B5DF346]
	(No symbol) [0x00007FF77B5DF57C]
	(No symbol) [0x00007FF77B632B17]
	(No symbol) [0x00007FF77B60736F]
	(No symbol) [0x00007FF77B62F7E3]
	(No symbol) [0x00007FF77B607103]
	(No symbol) [0x00007FF77B5CFFC0]
	(No symbol) [0x00007FF77B5D1273]
	GetHandleVerifier [0x00007FF77BAD1AED+3458237]
	GetHandleVerifier [0x00007FF77BAE829C+3550316]
	GetHandleVerifier [0x00007FF77BADDB9D+3507565]
	GetHandleVerifier [0x00007FF77B852C6A+841274]
	(No symbol) [0x00007FF77B7009EF]
	(No symbol) [0x00007FF77B6FCB34]
	(No symbol) [0x00007FF77B6FCCD6]
	(No symbol) [0x00007FF77B6EC119]
	BaseThreadInitThunk [0x00007FFF32E1E8D7+23]
	RtlUserThreadStart [0x00007FFF33EBBF2C+44]

2025-03-04 16:18:46,244 - ERROR - Error navigating back: Message: invalid session id: session deleted as the browser has closed the connection
from disconnected: not connected to DevTools
  (Session info: chrome=133.0.6943.142)
Stacktrace:
	GetHandleVerifier [0x00007FF77B78C6A5+28789]
	(No symbol) [0x00007FF77B6F5B20]
	(No symbol) [0x00007FF77B588F9A]
	(No symbol) [0x00007FF77B574D75]
	(No symbol) [0x00007FF77B599784]
	(No symbol) [0x00007FF77B60F0BF]
	(No symbol) [0x00007FF77B62F0D2]
	(No symbol) [0x00007FF77B607103]
	(No symbol) [0x00007FF77B5CFFC0]
	(No symbol) [0x00007FF77B5D1273]
	GetHandleVerifier [0x00007FF77BAD1AED+3458237]
	GetHandleVerifier [0x00007FF77BAE829C+3550316]
	GetHandleVerifier [0x00007FF77BADDB9D+3507565]
	GetHandleVerifier [0x00007FF77B852C6A+841274]
	(No symbol) [0x00007FF77B7009EF]
	(No symbol) [0x00007FF77B6FCB34]
	(No symbol) [0x00007FF77B6FCCD6]
	(No symbol) [0x00007FF77B6EC119]
	BaseThreadInitThunk [0x00007FFF32E1E8D7+23]
	RtlUserThreadStart [0x00007FFF33EBBF2C+44]

2025-03-04 16:48:49,033 - ERROR - Error in quiz automation: Message: invalid session id
Stacktrace:
	GetHandleVerifier [0x00007FF77B78C6A5+28789]
	(No symbol) [0x00007FF77B6F5B20]
	(No symbol) [0x00007FF77B588DCC]
	(No symbol) [0x00007FF77B5CF1CF]
	(No symbol) [0x00007FF77B6071F2]
	(No symbol) [0x00007FF77B601B89]
	(No symbol) [0x00007FF77B600C39]
	(No symbol) [0x00007FF77B555595]
	GetHandleVerifier [0x00007FF77BAD1AED+3458237]
	GetHandleVerifier [0x00007FF77BAE829C+3550316]
	GetHandleVerifier [0x00007FF77BADDB9D+3507565]
	GetHandleVerifier [0x00007FF77B852C6A+841274]
	(No symbol) [0x00007FF77B7009EF]
	(No symbol) [0x00007FF77B5541AE]
	GetHandleVerifier [0x00007FF77BB566A8+4001912]
	BaseThreadInitThunk [0x00007FFF32E1E8D7+23]
	RtlUserThreadStart [0x00007FFF33EBBF2C+44]

2025-03-04 16:48:49,034 - ERROR - Critical error: Message: invalid session id
Stacktrace:
	GetHandleVerifier [0x00007FF77B78C6A5+28789]
	(No symbol) [0x00007FF77B6F5B20]
	(No symbol) [0x00007FF77B588DCC]
	(No symbol) [0x00007FF77B5CF1CF]
	(No symbol) [0x00007FF77B6071F2]
	(No symbol) [0x00007FF77B601B89]
	(No symbol) [0x00007FF77B600C39]
	(No symbol) [0x00007FF77B555595]
	GetHandleVerifier [0x00007FF77BAD1AED+3458237]
	GetHandleVerifier [0x00007FF77BAE829C+3550316]
	GetHandleVerifier [0x00007FF77BADDB9D+3507565]
	GetHandleVerifier [0x00007FF77B852C6A+841274]
	(No symbol) [0x00007FF77B7009EF]
	(No symbol) [0x00007FF77B5541AE]
	GetHandleVerifier [0x00007FF77BB566A8+4001912]
	BaseThreadInitThunk [0x00007FFF32E1E8D7+23]
	RtlUserThreadStart [0x00007FFF33EBBF2C+44]

2025-03-04 16:59:27,172 - ERROR - Critical error: Message: element click intercepted: Element <div class="step_progress step_progress-active" style="height: 110px" id="step_146805801">...</div> is not clickable at point (114, 55). Other element would receive the click: <div class="upper_header_main d-flex justify-content-between align-items-center">...</div>
  (Session info: chrome=133.0.6943.142)
Stacktrace:
	GetHandleVerifier [0x00007FF77B78C6A5+28789]
	(No symbol) [0x00007FF77B6F5B20]
	(No symbol) [0x00007FF77B588F9A]
	(No symbol) [0x00007FF77B5E71E9]
	(No symbol) [0x00007FF77B5E4BA2]
	(No symbol) [0x00007FF77B5E1C51]
	(No symbol) [0x00007FF77B5E0B51]
	(No symbol) [0x00007FF77B5D2314]
	(No symbol) [0x00007FF77B60732A]
	(No symbol) [0x00007FF77B5D1BC6]
	(No symbol) [0x00007FF77B607540]
	(No symbol) [0x00007FF77B62F7E3]
	(No symbol) [0x00007FF77B607103]
	(No symbol) [0x00007FF77B5CFFC0]
	(No symbol) [0x00007FF77B5D1273]
	GetHandleVerifier [0x00007FF77BAD1AED+3458237]
	GetHandleVerifier [0x00007FF77BAE829C+3550316]
	GetHandleVerifier [0x00007FF77BADDB9D+3507565]
	GetHandleVerifier [0x00007FF77B852C6A+841274]
	(No symbol) [0x00007FF77B7009EF]
	(No symbol) [0x00007FF77B6FCB34]
	(No symbol) [0x00007FF77B6FCCD6]
	(No symbol) [0x00007FF77B6EC119]
	BaseThreadInitThunk [0x00007FFF32E1E8D7+23]
	RtlUserThreadStart [0x00007FFF33EBBF2C+44]

2025-03-04 17:10:29,036 - ERROR - Critical error: Message: element click intercepted: Element <div class="step_progress step_progress-active" style="height: 110px" id="step_146805801">...</div> is not clickable at point (114, 55). Other element would receive the click: <div class="upper_header_main d-flex justify-content-between align-items-center">...</div>
  (Session info: chrome=133.0.6943.142)
Stacktrace:
	GetHandleVerifier [0x00007FF77B78C6A5+28789]
	(No symbol) [0x00007FF77B6F5B20]
	(No symbol) [0x00007FF77B588F9A]
	(No symbol) [0x00007FF77B5E71E9]
	(No symbol) [0x00007FF77B5E4BA2]
	(No symbol) [0x00007FF77B5E1C51]
	(No symbol) [0x00007FF77B5E0B51]
	(No symbol) [0x00007FF77B5D2314]
	(No symbol) [0x00007FF77B60732A]
	(No symbol) [0x00007FF77B5D1BC6]
	(No symbol) [0x00007FF77B607540]
	(No symbol) [0x00007FF77B62F7E3]
	(No symbol) [0x00007FF77B607103]
	(No symbol) [0x00007FF77B5CFFC0]
	(No symbol) [0x00007FF77B5D1273]
	GetHandleVerifier [0x00007FF77BAD1AED+3458237]
	GetHandleVerifier [0x00007FF77BAE829C+3550316]
	GetHandleVerifier [0x00007FF77BADDB9D+3507565]
	GetHandleVerifier [0x00007FF77B852C6A+841274]
	(No symbol) [0x00007FF77B7009EF]
	(No symbol) [0x00007FF77B6FCB34]
	(No symbol) [0x00007FF77B6FCCD6]
	(No symbol) [0x00007FF77B6EC119]
	BaseThreadInitThunk [0x00007FFF32E1E8D7+23]
	RtlUserThreadStart [0x00007FFF33EBBF2C+44]

2025-03-04 17:14:30,187 - ERROR - Critical error: Message: element click intercepted: Element <div class="step_progress step_progress-active" style="height: 110px" id="step_146805801">...</div> is not clickable at point (114, 55). Other element would receive the click: <div class="upper_header_main d-flex justify-content-between align-items-center">...</div>
  (Session info: chrome=133.0.6943.142)
Stacktrace:
	GetHandleVerifier [0x00007FF77B78C6A5+28789]
	(No symbol) [0x00007FF77B6F5B20]
	(No symbol) [0x00007FF77B588F9A]
	(No symbol) [0x00007FF77B5E71E9]
	(No symbol) [0x00007FF77B5E4BA2]
	(No symbol) [0x00007FF77B5E1C51]
	(No symbol) [0x00007FF77B5E0B51]
	(No symbol) [0x00007FF77B5D2314]
	(No symbol) [0x00007FF77B60732A]
	(No symbol) [0x00007FF77B5D1BC6]
	(No symbol) [0x00007FF77B607540]
	(No symbol) [0x00007FF77B62F7E3]
	(No symbol) [0x00007FF77B607103]
	(No symbol) [0x00007FF77B5CFFC0]
	(No symbol) [0x00007FF77B5D1273]
	GetHandleVerifier [0x00007FF77BAD1AED+3458237]
	GetHandleVerifier [0x00007FF77BAE829C+3550316]
	GetHandleVerifier [0x00007FF77BADDB9D+3507565]
	GetHandleVerifier [0x00007FF77B852C6A+841274]
	(No symbol) [0x00007FF77B7009EF]
	(No symbol) [0x00007FF77B6FCB34]
	(No symbol) [0x00007FF77B6FCCD6]
	(No symbol) [0x00007FF77B6EC119]
	BaseThreadInitThunk [0x00007FFF32E1E8D7+23]
	RtlUserThreadStart [0x00007FFF33EBBF2C+44]

2025-03-04 17:19:53,700 - ERROR - Critical error: Message: element click intercepted: Element <div class="step_progress step_progress-active" style="height: 110px" id="step_146805801">...</div> is not clickable at point (114, 55). Other element would receive the click: <div class="upper_header_main d-flex justify-content-between align-items-center">...</div>
  (Session info: chrome=133.0.6943.142)
Stacktrace:
	GetHandleVerifier [0x00007FF77B78C6A5+28789]
	(No symbol) [0x00007FF77B6F5B20]
	(No symbol) [0x00007FF77B588F9A]
	(No symbol) [0x00007FF77B5E71E9]
	(No symbol) [0x00007FF77B5E4BA2]
	(No symbol) [0x00007FF77B5E1C51]
	(No symbol) [0x00007FF77B5E0B51]
	(No symbol) [0x00007FF77B5D2314]
	(No symbol) [0x00007FF77B60732A]
	(No symbol) [0x00007FF77B5D1BC6]
	(No symbol) [0x00007FF77B607540]
	(No symbol) [0x00007FF77B62F7E3]
	(No symbol) [0x00007FF77B607103]
	(No symbol) [0x00007FF77B5CFFC0]
	(No symbol) [0x00007FF77B5D1273]
	GetHandleVerifier [0x00007FF77BAD1AED+3458237]
	GetHandleVerifier [0x00007FF77BAE829C+3550316]
	GetHandleVerifier [0x00007FF77BADDB9D+3507565]
	GetHandleVerifier [0x00007FF77B852C6A+841274]
	(No symbol) [0x00007FF77B7009EF]
	(No symbol) [0x00007FF77B6FCB34]
	(No symbol) [0x00007FF77B6FCCD6]
	(No symbol) [0x00007FF77B6EC119]
	BaseThreadInitThunk [0x00007FFF32E1E8D7+23]
	RtlUserThreadStart [0x00007FFF33EBBF2C+44]

2025-03-04 17:50:55,459 - ERROR - Critical error: Message: invalid session id
Stacktrace:
	GetHandleVerifier [0x00007FF77B78C6A5+28789]
	(No symbol) [0x00007FF77B6F5B20]
	(No symbol) [0x00007FF77B588DCC]
	(No symbol) [0x00007FF77B5CF1CF]
	(No symbol) [0x00007FF77B6071F2]
	(No symbol) [0x00007FF77B601B89]
	(No symbol) [0x00007FF77B600C39]
	(No symbol) [0x00007FF77B555595]
	GetHandleVerifier [0x00007FF77BAD1AED+3458237]
	GetHandleVerifier [0x00007FF77BAE829C+3550316]
	GetHandleVerifier [0x00007FF77BADDB9D+3507565]
	GetHandleVerifier [0x00007FF77B852C6A+841274]
	(No symbol) [0x00007FF77B7009EF]
	(No symbol) [0x00007FF77B5541AE]
	GetHandleVerifier [0x00007FF77BB566A8+4001912]
	BaseThreadInitThunk [0x00007FFF32E1E8D7+23]
	RtlUserThreadStart [0x00007FFF33EBBF2C+44]

2025-03-04 17:52:45,749 - ERROR - Critical error: 'list' object has no attribute 'click'
2025-03-04 17:55:05,461 - ERROR - Critical error: Message: javascript error: arguments[0].scrollIntoView is not a function
  (Session info: chrome=133.0.6943.142)
Stacktrace:
	GetHandleVerifier [0x00007FF77B78C6A5+28789]
	(No symbol) [0x00007FF77B6F5B20]
	(No symbol) [0x00007FF77B588F9A]
	(No symbol) [0x00007FF77B5909A9]
	(No symbol) [0x00007FF77B593AB1]
	(No symbol) [0x00007FF77B630B42]
	(No symbol) [0x00007FF77B60732A]
	(No symbol) [0x00007FF77B62F7E3]
	(No symbol) [0x00007FF77B607103]
	(No symbol) [0x00007FF77B5CFFC0]
	(No symbol) [0x00007FF77B5D1273]
	GetHandleVerifier [0x00007FF77BAD1AED+3458237]
	GetHandleVerifier [0x00007FF77BAE829C+3550316]
	GetHandleVerifier [0x00007FF77BADDB9D+3507565]
	GetHandleVerifier [0x00007FF77B852C6A+841274]
	(No symbol) [0x00007FF77B7009EF]
	(No symbol) [0x00007FF77B6FCB34]
	(No symbol) [0x00007FF77B6FCCD6]
	(No symbol) [0x00007FF77B6EC119]
	BaseThreadInitThunk [0x00007FFF32E1E8D7+23]
	RtlUserThreadStart [0x00007FFF33EBBF2C+44]

2025-03-04 18:00:43,351 - ERROR - Critical error: Message: javascript error: arguments[0].scrollIntoView is not a function
  (Session info: chrome=133.0.6943.142)
Stacktrace:
	GetHandleVerifier [0x00007FF77B78C6A5+28789]
	(No symbol) [0x00007FF77B6F5B20]
	(No symbol) [0x00007FF77B588F9A]
	(No symbol) [0x00007FF77B5909A9]
	(No symbol) [0x00007FF77B593AB1]
	(No symbol) [0x00007FF77B630B42]
	(No symbol) [0x00007FF77B60732A]
	(No symbol) [0x00007FF77B62F7E3]
	(No symbol) [0x00007FF77B607103]
	(No symbol) [0x00007FF77B5CFFC0]
	(No symbol) [0x00007FF77B5D1273]
	GetHandleVerifier [0x00007FF77BAD1AED+3458237]
	GetHandleVerifier [0x00007FF77BAE829C+3550316]
	GetHandleVerifier [0x00007FF77BADDB9D+3507565]
	GetHandleVerifier [0x00007FF77B852C6A+841274]
	(No symbol) [0x00007FF77B7009EF]
	(No symbol) [0x00007FF77B6FCB34]
	(No symbol) [0x00007FF77B6FCCD6]
	(No symbol) [0x00007FF77B6EC119]
	BaseThreadInitThunk [0x00007FFF32E1E8D7+23]
	RtlUserThreadStart [0x00007FFF33EBBF2C+44]

2025-03-06 19:27:08,022 - ERROR - Critical error: Message: 
Stacktrace:
	GetHandleVerifier [0x00007FF7AE18DF85+26693]
	(No symbol) [0x00007FF7AE0EEAD0]
	(No symbol) [0x00007FF7ADF791CA]
	(No symbol) [0x00007FF7ADFCF747]
	(No symbol) [0x00007FF7ADFCF97C]
	(No symbol) [0x00007FF7AE0233C7]
	(No symbol) [0x00007FF7ADFF792F]
	(No symbol) [0x00007FF7AE0200B8]
	(No symbol) [0x00007FF7ADFF76C3]
	(No symbol) [0x00007FF7ADFC0490]
	(No symbol) [0x00007FF7ADFC1743]
	GetHandleVerifier [0x00007FF7AE4E436D+3525677]
	GetHandleVerifier [0x00007FF7AE4F7F3B+3606523]
	GetHandleVerifier [0x00007FF7AE4ECEE3+3561379]
	GetHandleVerifier [0x00007FF7AE257C0A+853194]
	(No symbol) [0x00007FF7AE0F990F]
	(No symbol) [0x00007FF7AE0F5674]
	(No symbol) [0x00007FF7AE0F5816]
	(No symbol) [0x00007FF7AE0E4D89]
	BaseThreadInitThunk [0x00007FFF32E1E8D7+23]
	RtlUserThreadStart [0x00007FFF33EBBF2C+44]

2025-03-06 19:29:24,837 - ERROR - Critical error: Message: javascript error: arguments[0].scrollIntoView is not a function
  (Session info: chrome=134.0.6998.35)
Stacktrace:
	GetHandleVerifier [0x00007FF7AE18DF85+26693]
	(No symbol) [0x00007FF7AE0EEAD0]
	(No symbol) [0x00007FF7ADF791CA]
	(No symbol) [0x00007FF7ADF80B2C]
	(No symbol) [0x00007FF7ADF83C8C]
	(No symbol) [0x00007FF7AE0213F2]
	(No symbol) [0x00007FF7ADFF78EA]
	(No symbol) [0x00007FF7AE0200B8]
	(No symbol) [0x00007FF7ADFF76C3]
	(No symbol) [0x00007FF7ADFC0490]
	(No symbol) [0x00007FF7ADFC1743]
	GetHandleVerifier [0x00007FF7AE4E436D+3525677]
	GetHandleVerifier [0x00007FF7AE4F7F3B+3606523]
	GetHandleVerifier [0x00007FF7AE4ECEE3+3561379]
	GetHandleVerifier [0x00007FF7AE257C0A+853194]
	(No symbol) [0x00007FF7AE0F990F]
	(No symbol) [0x00007FF7AE0F5674]
	(No symbol) [0x00007FF7AE0F5816]
	(No symbol) [0x00007FF7AE0E4D89]
	BaseThreadInitThunk [0x00007FFF32E1E8D7+23]
	RtlUserThreadStart [0x00007FFF33EBBF2C+44]

2025-03-06 19:30:30,093 - ERROR - Critical error: Message: no such window: target window already closed
from unknown error: web view not found
  (Session info: chrome=134.0.6998.35)
Stacktrace:
	GetHandleVerifier [0x00007FF7AE18DF85+26693]
	(No symbol) [0x00007FF7AE0EEAD0]
	(No symbol) [0x00007FF7ADF791CA]
	(No symbol) [0x00007FF7ADF51763]
	(No symbol) [0x00007FF7ADFFF5EE]
	(No symbol) [0x00007FF7AE01F975]
	(No symbol) [0x00007FF7ADFF76C3]
	(No symbol) [0x00007FF7ADFC0490]
	(No symbol) [0x00007FF7ADFC1743]
	GetHandleVerifier [0x00007FF7AE4E436D+3525677]
	GetHandleVerifier [0x00007FF7AE4F7F3B+3606523]
	GetHandleVerifier [0x00007FF7AE4ECEE3+3561379]
	GetHandleVerifier [0x00007FF7AE257C0A+853194]
	(No symbol) [0x00007FF7AE0F990F]
	(No symbol) [0x00007FF7AE0F5674]
	(No symbol) [0x00007FF7AE0F5816]
	(No symbol) [0x00007FF7AE0E4D89]
	BaseThreadInitThunk [0x00007FFF32E1E8D7+23]
	RtlUserThreadStart [0x00007FFF33EBBF2C+44]

2025-03-06 19:30:39,333 - ERROR - Critical error: Message: no such window: target window already closed
from unknown error: web view not found
  (Session info: chrome=134.0.6998.35)
Stacktrace:
	GetHandleVerifier [0x00007FF7AE18DF85+26693]
	(No symbol) [0x00007FF7AE0EEAD0]
	(No symbol) [0x00007FF7ADF791CA]
	(No symbol) [0x00007FF7ADF51763]
	(No symbol) [0x00007FF7ADFFF5EE]
	(No symbol) [0x00007FF7AE01F975]
	(No symbol) [0x00007FF7ADFF76C3]
	(No symbol) [0x00007FF7ADFC0490]
	(No symbol) [0x00007FF7ADFC1743]
	GetHandleVerifier [0x00007FF7AE4E436D+3525677]
	GetHandleVerifier [0x00007FF7AE4F7F3B+3606523]
	GetHandleVerifier [0x00007FF7AE4ECEE3+3561379]
	GetHandleVerifier [0x00007FF7AE257C0A+853194]
	(No symbol) [0x00007FF7AE0F990F]
	(No symbol) [0x00007FF7AE0F5674]
	(No symbol) [0x00007FF7AE0F5816]
	(No symbol) [0x00007FF7AE0E4D89]
	BaseThreadInitThunk [0x00007FFF32E1E8D7+23]
	RtlUserThreadStart [0x00007FFF33EBBF2C+44]

2025-03-06 19:33:20,407 - ERROR - No pathway tiles found on the page.
2025-03-06 19:35:19,592 - ERROR - No pathway tiles found on the page.
2025-03-06 19:37:59,097 - ERROR - Error: Message: 
Stacktrace:
	GetHandleVerifier [0x00007FF7AE18DF85+26693]
	(No symbol) [0x00007FF7AE0EEAD0]
	(No symbol) [0x00007FF7ADF791CA]
	(No symbol) [0x00007FF7ADFCF747]
	(No symbol) [0x00007FF7ADFCF97C]
	(No symbol) [0x00007FF7AE0233C7]
	(No symbol) [0x00007FF7ADFF792F]
	(No symbol) [0x00007FF7AE0200B8]
	(No symbol) [0x00007FF7ADFF76C3]
	(No symbol) [0x00007FF7ADFC0490]
	(No symbol) [0x00007FF7ADFC1743]
	GetHandleVerifier [0x00007FF7AE4E436D+3525677]
	GetHandleVerifier [0x00007FF7AE4F7F3B+3606523]
	GetHandleVerifier [0x00007FF7AE4ECEE3+3561379]
	GetHandleVerifier [0x00007FF7AE257C0A+853194]
	(No symbol) [0x00007FF7AE0F990F]
	(No symbol) [0x00007FF7AE0F5674]
	(No symbol) [0x00007FF7AE0F5816]
	(No symbol) [0x00007FF7AE0E4D89]
	BaseThreadInitThunk [0x00007FFF32E1E8D7+23]
	RtlUserThreadStart [0x00007FFF33EBBF2C+44]

2025-03-06 19:40:18,388 - ERROR - No pathway tiles found on the page.
2025-03-06 19:45:59,314 - ERROR - No pathway tiles found on the page.
2025-03-06 20:17:53,276 - ERROR - Error: Message: 
Stacktrace:
	GetHandleVerifier [0x00007FF7AE18DF85+26693]
	(No symbol) [0x00007FF7AE0EEAD0]
	(No symbol) [0x00007FF7ADF791CA]
	(No symbol) [0x00007FF7ADFCF747]
	(No symbol) [0x00007FF7ADFCF97C]
	(No symbol) [0x00007FF7AE0233C7]
	(No symbol) [0x00007FF7ADFF792F]
	(No symbol) [0x00007FF7AE0200B8]
	(No symbol) [0x00007FF7ADFF76C3]
	(No symbol) [0x00007FF7ADFC0490]
	(No symbol) [0x00007FF7ADFC1743]
	GetHandleVerifier [0x00007FF7AE4E436D+3525677]
	GetHandleVerifier [0x00007FF7AE4F7F3B+3606523]
	GetHandleVerifier [0x00007FF7AE4ECEE3+3561379]
	GetHandleVerifier [0x00007FF7AE257C0A+853194]
	(No symbol) [0x00007FF7AE0F990F]
	(No symbol) [0x00007FF7AE0F5674]
	(No symbol) [0x00007FF7AE0F5816]
	(No symbol) [0x00007FF7AE0E4D89]
	BaseThreadInitThunk [0x00007FFF32E1E8D7+23]
	RtlUserThreadStart [0x00007FFF33EBBF2C+44]

2025-03-06 20:20:12,078 - ERROR - No pathway tiles found on the page.
2025-03-06 20:23:32,560 - ERROR - No pathway tiles found on the page.
2025-03-06 20:25:34,630 - ERROR - Error: Message: element click intercepted: Element <span class="enrol_btn_text p-0 text-nowrap">...</span> is not clickable at point (497, 13). Other element would receive the click: <div class="upper_header_wrapper">...</div>
  (Session info: chrome=134.0.6998.35)
Stacktrace:
	GetHandleVerifier [0x00007FF7AE18DF85+26693]
	(No symbol) [0x00007FF7AE0EEAD0]
	(No symbol) [0x00007FF7ADF791CA]
	(No symbol) [0x00007FF7ADFD75E9]
	(No symbol) [0x00007FF7ADFD4FA2]
	(No symbol) [0x00007FF7ADFD2051]
	(No symbol) [0x00007FF7ADFD0F76]
	(No symbol) [0x00007FF7ADFC27E4]
	(No symbol) [0x00007FF7ADFF78EA]
	(No symbol) [0x00007FF7ADFC2096]
	(No symbol) [0x00007FF7ADFF7B00]
	(No symbol) [0x00007FF7AE0200B8]
	(No symbol) [0x00007FF7ADFF76C3]
	(No symbol) [0x00007FF7ADFC0490]
	(No symbol) [0x00007FF7ADFC1743]
	GetHandleVerifier [0x00007FF7AE4E436D+3525677]
	GetHandleVerifier [0x00007FF7AE4F7F3B+3606523]
	GetHandleVerifier [0x00007FF7AE4ECEE3+3561379]
	GetHandleVerifier [0x00007FF7AE257C0A+853194]
	(No symbol) [0x00007FF7AE0F990F]
	(No symbol) [0x00007FF7AE0F5674]
	(No symbol) [0x00007FF7AE0F5816]
	(No symbol) [0x00007FF7AE0E4D89]
	BaseThreadInitThunk [0x00007FFF32E1E8D7+23]
	RtlUserThreadStart [0x00007FFF33EBBF2C+44]

2025-03-06 20:28:44,399 - ERROR - No pathway tiles found on the page.
2025-03-06 20:31:13,400 - ERROR - No pathway tiles found on the page.
2025-03-06 20:33:23,509 - ERROR - Error: Message: element click intercepted: Element <a href="javascript:void(0)" id="loginButtonDesktopHeader" onclick="checkMyPage();" class="secondary">...</a> is not clickable at point (1377, 41). Other element would receive the click: <div class="loaderBack">...</div>
  (Session info: chrome=134.0.6998.35)
Stacktrace:
	GetHandleVerifier [0x00007FF7AE18DF85+26693]
	(No symbol) [0x00007FF7AE0EEAD0]
	(No symbol) [0x00007FF7ADF791CA]
	(No symbol) [0x00007FF7ADFD75E9]
	(No symbol) [0x00007FF7ADFD4FA2]
	(No symbol) [0x00007FF7ADFD2051]
	(No symbol) [0x00007FF7ADFD0F76]
	(No symbol) [0x00007FF7ADFC27E4]
	(No symbol) [0x00007FF7ADFF78EA]
	(No symbol) [0x00007FF7ADFC2096]
	(No symbol) [0x00007FF7ADFF7B00]
	(No symbol) [0x00007FF7AE0200B8]
	(No symbol) [0x00007FF7ADFF76C3]
	(No symbol) [0x00007FF7ADFC0490]
	(No symbol) [0x00007FF7ADFC1743]
	GetHandleVerifier [0x00007FF7AE4E436D+3525677]
	GetHandleVerifier [0x00007FF7AE4F7F3B+3606523]
	GetHandleVerifier [0x00007FF7AE4ECEE3+3561379]
	GetHandleVerifier [0x00007FF7AE257C0A+853194]
	(No symbol) [0x00007FF7AE0F990F]
	(No symbol) [0x00007FF7AE0F5674]
	(No symbol) [0x00007FF7AE0F5816]
	(No symbol) [0x00007FF7AE0E4D89]
	BaseThreadInitThunk [0x00007FFF32E1E8D7+23]
	RtlUserThreadStart [0x00007FFF33EBBF2C+44]

2025-03-06 20:34:24,819 - ERROR - Error: Message: element click intercepted: Element <a href="javascript:void(0)" id="loginButtonDesktopHeader" onclick="checkMyPage();" class="secondary">...</a> is not clickable at point (1377, 41). Other element would receive the click: <div class="loaderBack">...</div>
  (Session info: chrome=134.0.6998.35)
Stacktrace:
	GetHandleVerifier [0x00007FF7AE18DF85+26693]
	(No symbol) [0x00007FF7AE0EEAD0]
	(No symbol) [0x00007FF7ADF791CA]
	(No symbol) [0x00007FF7ADFD75E9]
	(No symbol) [0x00007FF7ADFD4FA2]
	(No symbol) [0x00007FF7ADFD2051]
	(No symbol) [0x00007FF7ADFD0F76]
	(No symbol) [0x00007FF7ADFC27E4]
	(No symbol) [0x00007FF7ADFF78EA]
	(No symbol) [0x00007FF7ADFC2096]
	(No symbol) [0x00007FF7ADFF7B00]
	(No symbol) [0x00007FF7AE0200B8]
	(No symbol) [0x00007FF7ADFF76C3]
	(No symbol) [0x00007FF7ADFC0490]
	(No symbol) [0x00007FF7ADFC1743]
	GetHandleVerifier [0x00007FF7AE4E436D+3525677]
	GetHandleVerifier [0x00007FF7AE4F7F3B+3606523]
	GetHandleVerifier [0x00007FF7AE4ECEE3+3561379]
	GetHandleVerifier [0x00007FF7AE257C0A+853194]
	(No symbol) [0x00007FF7AE0F990F]
	(No symbol) [0x00007FF7AE0F5674]
	(No symbol) [0x00007FF7AE0F5816]
	(No symbol) [0x00007FF7AE0E4D89]
	BaseThreadInitThunk [0x00007FFF32E1E8D7+23]
	RtlUserThreadStart [0x00007FFF33EBBF2C+44]

2025-03-06 20:35:43,505 - ERROR - Error: Message: element click intercepted: Element <span class="enrol_btn_text p-0 text-nowrap">...</span> is not clickable at point (497, 13). Other element would receive the click: <div class="upper_header_wrapper">...</div>
  (Session info: chrome=134.0.6998.35)
Stacktrace:
	GetHandleVerifier [0x00007FF7AE18DF85+26693]
	(No symbol) [0x00007FF7AE0EEAD0]
	(No symbol) [0x00007FF7ADF791CA]
	(No symbol) [0x00007FF7ADFD75E9]
	(No symbol) [0x00007FF7ADFD4FA2]
	(No symbol) [0x00007FF7ADFD2051]
	(No symbol) [0x00007FF7ADFD0F76]
	(No symbol) [0x00007FF7ADFC27E4]
	(No symbol) [0x00007FF7ADFF78EA]
	(No symbol) [0x00007FF7ADFC2096]
	(No symbol) [0x00007FF7ADFF7B00]
	(No symbol) [0x00007FF7AE0200B8]
	(No symbol) [0x00007FF7ADFF76C3]
	(No symbol) [0x00007FF7ADFC0490]
	(No symbol) [0x00007FF7ADFC1743]
	GetHandleVerifier [0x00007FF7AE4E436D+3525677]
	GetHandleVerifier [0x00007FF7AE4F7F3B+3606523]
	GetHandleVerifier [0x00007FF7AE4ECEE3+3561379]
	GetHandleVerifier [0x00007FF7AE257C0A+853194]
	(No symbol) [0x00007FF7AE0F990F]
	(No symbol) [0x00007FF7AE0F5674]
	(No symbol) [0x00007FF7AE0F5816]
	(No symbol) [0x00007FF7AE0E4D89]
	BaseThreadInitThunk [0x00007FFF32E1E8D7+23]
	RtlUserThreadStart [0x00007FFF33EBBF2C+44]

2025-03-09 10:17:43,287 - ERROR - Error: Message: element click intercepted: Element <a href="javascript:void(0)" id="loginButtonDesktopHeader" onclick="checkMyPage();" class="secondary">...</a> is not clickable at point (1377, 41). Other element would receive the click: <div class="loaderBack">...</div>
  (Session info: chrome=134.0.6998.35)
Stacktrace:
	GetHandleVerifier [0x00007FF6864FDF85+26693]
	(No symbol) [0x00007FF68645EAD0]
	(No symbol) [0x00007FF6862E91CA]
	(No symbol) [0x00007FF6863475E9]
	(No symbol) [0x00007FF686344FA2]
	(No symbol) [0x00007FF686342051]
	(No symbol) [0x00007FF686340F76]
	(No symbol) [0x00007FF6863327E4]
	(No symbol) [0x00007FF6863678EA]
	(No symbol) [0x00007FF686332096]
	(No symbol) [0x00007FF686367B00]
	(No symbol) [0x00007FF6863900B8]
	(No symbol) [0x00007FF6863676C3]
	(No symbol) [0x00007FF686330490]
	(No symbol) [0x00007FF686331743]
	GetHandleVerifier [0x00007FF68685436D+3525677]
	GetHandleVerifier [0x00007FF686867F3B+3606523]
	GetHandleVerifier [0x00007FF68685CEE3+3561379]
	GetHandleVerifier [0x00007FF6865C7C0A+853194]
	(No symbol) [0x00007FF68646990F]
	(No symbol) [0x00007FF686465674]
	(No symbol) [0x00007FF686465816]
	(No symbol) [0x00007FF686454D89]
	BaseThreadInitThunk [0x00007FF9F359E8D7+23]
	RtlUserThreadStart [0x00007FF9F451BF2C+44]

2025-03-09 10:52:46,902 - ERROR - No pathway tiles found on the page.
2025-03-09 11:02:54,137 - ERROR - No pathway tiles found on the page.
2025-03-09 11:22:19,896 - ERROR - Error: Message: 
Stacktrace:
	GetHandleVerifier [0x00007FF6864FDF85+26693]
	(No symbol) [0x00007FF68645EAD0]
	(No symbol) [0x00007FF6862E91CA]
	(No symbol) [0x00007FF68633F747]
	(No symbol) [0x00007FF68633F97C]
	(No symbol) [0x00007FF6863933C7]
	(No symbol) [0x00007FF68636792F]
	(No symbol) [0x00007FF6863900B8]
	(No symbol) [0x00007FF6863676C3]
	(No symbol) [0x00007FF686330490]
	(No symbol) [0x00007FF686331743]
	GetHandleVerifier [0x00007FF68685436D+3525677]
	GetHandleVerifier [0x00007FF686867F3B+3606523]
	GetHandleVerifier [0x00007FF68685CEE3+3561379]
	GetHandleVerifier [0x00007FF6865C7C0A+853194]
	(No symbol) [0x00007FF68646990F]
	(No symbol) [0x00007FF686465674]
	(No symbol) [0x00007FF686465816]
	(No symbol) [0x00007FF686454D89]
	BaseThreadInitThunk [0x00007FF9F359E8D7+23]
	RtlUserThreadStart [0x00007FF9F451BF2C+44]

2025-03-09 11:23:26,259 - ERROR - Error: Message: element click intercepted: Element <a href="javascript:void(0)" id="loginButtonDesktopHeader" onclick="checkMyPage();" class="secondary">...</a> is not clickable at point (1377, 41). Other element would receive the click: <div class="loaderBack">...</div>
  (Session info: chrome=134.0.6998.35)
Stacktrace:
	GetHandleVerifier [0x00007FF6864FDF85+26693]
	(No symbol) [0x00007FF68645EAD0]
	(No symbol) [0x00007FF6862E91CA]
	(No symbol) [0x00007FF6863475E9]
	(No symbol) [0x00007FF686344FA2]
	(No symbol) [0x00007FF686342051]
	(No symbol) [0x00007FF686340F76]
	(No symbol) [0x00007FF6863327E4]
	(No symbol) [0x00007FF6863678EA]
	(No symbol) [0x00007FF686332096]
	(No symbol) [0x00007FF686367B00]
	(No symbol) [0x00007FF6863900B8]
	(No symbol) [0x00007FF6863676C3]
	(No symbol) [0x00007FF686330490]
	(No symbol) [0x00007FF686331743]
	GetHandleVerifier [0x00007FF68685436D+3525677]
	GetHandleVerifier [0x00007FF686867F3B+3606523]
	GetHandleVerifier [0x00007FF68685CEE3+3561379]
	GetHandleVerifier [0x00007FF6865C7C0A+853194]
	(No symbol) [0x00007FF68646990F]
	(No symbol) [0x00007FF686465674]
	(No symbol) [0x00007FF686465816]
	(No symbol) [0x00007FF686454D89]
	BaseThreadInitThunk [0x00007FF9F359E8D7+23]
	RtlUserThreadStart [0x00007FF9F451BF2C+44]

2025-03-09 11:23:52,990 - ERROR - Error: ('Connection aborted.', ConnectionResetError(10054, 'An existing connection was forcibly closed by the remote host', None, 10054, None))
